2025-12-08 12:49:22, MOVE, v:1, k:poo@pagamento, mode:PICK
2025-12-08 12:49:29, EXEC, v:1, k:poo@pagamento, mode:LOCK, rate:0
2025-12-08 12:49:31, EXEC, v:1, k:poo@pagamento, mode:LOCK, rate:0
2025-12-08 12:49:33, MOVE, v:1, k:poo@pagamento, mode:BACK
2025-12-08 12:53:03, MOVE, v:1, k:poo@estacionamento, mode:DOWN
2025-12-08 12:53:25, MOVE, v:1, k:poo@estacionamento, mode:PICK
2025-12-08 13:00:39, EXEC, v:1, k:poo@estacionamento, mode:FULL, rate:0, size:7
2025-12-08 13:00:40, EXEC, v:1, k:poo@estacionamento, mode:FULL, rate:0
2025-12-08 13:00:42, MOVE, v:1, k:poo@estacionamento, mode:BACK
2025-12-08 13:01:12, MOVE, v:1, k:poo@pagamento, mode:PICK
2025-12-08 13:01:13, EXEC, v:1, k:poo@pagamento, mode:LOCK, rate:0
2025-12-08 13:01:17, MOVE, v:1, k:poo@pagamento, mode:BACK
2025-12-08 13:01:26, MOVE, v:1, k:poo@estacionamento, mode:PICK
2025-12-08 13:01:27, EXEC, v:1, k:poo@estacionamento, mode:FULL, rate:0
2025-12-08 13:01:28, EXEC, v:1, k:poo@estacionamento, mode:FULL, rate:0
2025-12-08 13:08:26, EXEC, v:1, k:poo@estacionamento, mode:FULL, rate:0, size:14
2025-12-08 13:22:37, EXEC, v:1, k:poo@estacionamento, mode:FULL, rate:0, size:22
2025-12-08 13:22:38, EXEC, v:1, k:poo@estacionamento, mode:FULL, rate:0
2025-12-08 13:30:51, EXEC, v:1, k:poo@estacionamento, mode:FULL, rate:0, size:23
2025-12-08 13:30:51, EXEC, v:1, k:poo@estacionamento, mode:FULL, rate:0, size:23
2025-12-08 13:30:53, EXEC, v:1, k:poo@estacionamento, mode:FULL, rate:0, size:23
2025-12-08 13:30:53, EXEC, v:1, k:poo@estacionamento, mode:FULL, rate:0, size:23
2025-12-08 13:30:55, EXEC, v:1, k:poo@estacionamento, mode:FULL, rate:0, size:23
2025-12-08 13:30:59, EXEC, v:1, k:poo@estacionamento, mode:FULL, rate:0
2025-12-08 13:31:00, MOVE, v:1, k:poo@estacionamento, mode:BACK
2025-12-08 15:49:20, MOVE, v:1, k:poo@estacionamento, mode:PICK
2025-12-08 15:49:22, EXEC, v:1, k:poo@estacionamento, mode:FULL, rate:0
2025-12-08 16:43:43, EXEC, v:1, k:poo@estacionamento, mode:FULL, rate:0, size:43
2025-12-08 16:43:43, EXEC, v:1, k:poo@estacionamento, mode:FULL, rate:0, size:43
2025-12-08 16:43:44, MOVE, v:1, k:poo@estacionamento, mode:BACK
2025-12-08 20:41:51, MOVE, v:1, k:poo@estacionamento, mode:PICK
2025-12-08 20:41:52, EXEC, v:1, k:poo@estacionamento, mode:FULL, rate:0, size:43
2025-12-08 21:10:10, EXEC, v:1, k:poo@estacionamento, mode:FULL, rate:0, size:55
2025-12-08 21:10:10, EXEC, v:1, k:poo@estacionamento, mode:FULL, rate:0, size:55
2025-12-08 21:23:36, EXEC, v:1, k:poo@estacionamento, mode:FULL, rate:0, size:79
2025-12-08 21:23:36, EXEC, v:1, k:poo@estacionamento, mode:FULL, rate:0, size:79
2025-12-08 21:23:38, EXEC, v:1, k:poo@estacionamento, mode:FULL, rate:0, size:79
2025-12-08 21:30:04, EXEC, v:1, k:poo@estacionamento, mode:FULL, rate:0, size:82
2025-12-08 21:30:04, EXEC, v:1, k:poo@estacionamento, mode:FULL, rate:0, size:82
2025-12-08 21:33:28, EXEC, v:1, k:poo@estacionamento, mode:FULL, rate:0, size:86
2025-12-08 21:39:20, EXEC, v:1, k:poo@estacionamento, mode:FULL, rate:0, size:92
2025-12-08 21:47:15, EXEC, v:1, k:poo@estacionamento, mode:FULL, rate:0, size:96
2025-12-08 21:47:15, EXEC, v:1, k:poo@estacionamento, mode:FULL, rate:0, size:96
2025-12-08 21:47:57, EXEC, v:1, k:poo@estacionamento, mode:FULL, rate:0, size:97
2025-12-08 21:53:20, EXEC, v:1, k:poo@estacionamento, mode:FULL, rate:0, size:103
2025-12-08 21:55:20, EXEC, v:1, k:poo@estacionamento, mode:FULL, rate:0, size:106
2025-12-08 21:56:49, EXEC, v:1, k:poo@estacionamento, mode:FULL, rate:0, size:108
2025-12-08 21:58:49, EXEC, v:1, k:poo@estacionamento, mode:FULL, rate:0, size:111
2025-12-08 21:58:50, EXEC, v:1, k:poo@estacionamento, mode:FULL, rate:0
2025-12-08 21:59:22, EXEC, v:1, k:poo@estacionamento, mode:FULL, rate:0, size:111
2025-12-08 21:59:30, EXEC, v:1, k:poo@estacionamento, mode:FULL, rate:0
2025-12-08 21:59:47, EXEC, v:1, k:poo@estacionamento, mode:FULL, rate:0, size:111
2025-12-08 22:00:37, EXEC, v:1, k:poo@estacionamento, mode:FULL, rate:0, size:111
2025-12-08 22:01:46, EXEC, v:1, k:poo@estacionamento, mode:FULL, rate:0
2025-12-08 22:01:46, EXEC, v:1, k:poo@estacionamento, mode:FULL, rate:0
2025-12-08 22:14:26, EXEC, v:1, k:poo@estacionamento, mode:FULL, rate:0, size:111
2025-12-08 22:14:26, EXEC, v:1, k:poo@estacionamento, mode:FULL, rate:0
2025-12-08 22:23:52, EXEC, v:1, k:poo@estacionamento, mode:FULL, rate:0, size:111
2025-12-08 22:27:16, EXEC, v:1, k:poo@estacionamento, mode:FULL, rate:0, size:111
2025-12-08 22:32:15, EXEC, v:1, k:poo@estacionamento, mode:FULL, rate:0, size:110
2025-12-08 22:51:38, EXEC, v:1, k:poo@estacionamento, mode:FULL, rate:0, size:110
2025-12-08 22:51:39, EXEC, v:1, k:poo@estacionamento, mode:FULL, rate:0, size:110
2025-12-08 22:51:40, EXEC, v:1, k:poo@estacionamento, mode:FULL, rate:0, size:110
2025-12-08 22:51:40, EXEC, v:1, k:poo@estacionamento, mode:FULL, rate:0
2025-12-08 22:51:50, MOVE, v:1, k:poo@estacionamento, mode:BACK
