2025-12-09 15:25:54, MOVE, v:1, k:poo@pagamento, mode:PICK
2025-12-09 15:25:57, EXEC, v:1, k:poo@pagamento, mode:LOCK, rate:0, size:66
2025-12-09 15:25:57, EXEC, v:1, k:poo@pagamento, mode:LOCK, rate:0, size:66
2025-12-09 15:34:11, MOVE, v:1, k:poo@pagamento, mode:BACK
2025-12-09 15:34:15, MOVE, v:1, k:poo@estacionamento, mode:PICK
2025-12-09 15:34:16, EXEC, v:1, k:poo@estacionamento, mode:FULL, rate:0
2025-12-09 15:36:37, EXEC, v:1, k:poo@estacionamento, mode:FULL, rate:0, size:110
2025-12-09 15:36:37, EXEC, v:1, k:poo@estacionamento, mode:FULL, rate:0, size:110
2025-12-09 15:41:52, EXEC, v:1, k:poo@estacionamento, mode:FULL, rate:0, size:110
2025-12-09 15:41:59, EXEC, v:1, k:poo@estacionamento, mode:FULL, rate:0
2025-12-09 15:47:35, EXEC, v:1, k:poo@estacionamento, mode:FULL, rate:0, size:110
2025-12-09 15:47:54, EXEC, v:1, k:poo@estacionamento, mode:FULL, rate:0, size:110
2025-12-09 15:48:22, EXEC, v:1, k:poo@estacionamento, mode:FULL, rate:0, size:110
2025-12-09 15:49:19, EXEC, v:1, k:poo@estacionamento, mode:FULL, rate:0, size:110
2025-12-09 15:49:51, EXEC, v:1, k:poo@estacionamento, mode:FULL, rate:0, size:110
2025-12-09 15:49:57, EXEC, v:1, k:poo@estacionamento, mode:FULL, rate:0, size:110
2025-12-09 15:50:50, EXEC, v:1, k:poo@estacionamento, mode:FULL, rate:0
2025-12-09 15:52:16, EXEC, v:1, k:poo@estacionamento, mode:FULL, rate:0, size:110
2025-12-09 15:52:55, EXEC, v:1, k:poo@estacionamento, mode:FULL, rate:0
2025-12-09 15:52:55, EXEC, v:1, k:poo@estacionamento, mode:FULL, rate:0
2025-12-09 15:54:33, EXEC, v:1, k:poo@estacionamento, mode:FULL, rate:0
2025-12-09 15:54:33, EXEC, v:1, k:poo@estacionamento, mode:FULL, rate:0
2025-12-09 15:54:34, MOVE, v:1, k:poo@estacionamento, mode:BACK
2025-12-09 15:54:38, MOVE, v:1, k:poo@pagamento, mode:PICK
2025-12-09 15:54:40, EXEC, v:1, k:poo@pagamento, mode:LOCK, rate:0, size:66
2025-12-09 15:57:09, EXEC, v:1, k:poo@pagamento, mode:LOCK, rate:0, size:66
2025-12-09 15:57:33, EXEC, v:1, k:poo@pagamento, mode:LOCK, rate:0, size:66
2025-12-09 15:57:42, EXEC, v:1, k:poo@pagamento, mode:LOCK, rate:0
2025-12-09 16:09:59, EXEC, v:1, k:poo@pagamento, mode:LOCK, rate:0, size:69
2025-12-09 16:28:11, EXEC, v:1, k:poo@pagamento, mode:LOCK, rate:100, size:71
2025-12-09 16:34:33, EXEC, v:1, k:poo@pagamento, mode:LOCK, rate:100, size:76
2025-12-09 16:41:53, MOVE, v:1, k:poo@pagamento, mode:BACK
2025-12-09 16:41:57, MOVE, v:1, k:poo@estacionamento, mode:PICK
2025-12-09 16:41:58, EXEC, v:1, k:poo@estacionamento, mode:FULL, rate:0, size:110
2025-12-09 16:41:59, EXEC, v:1, k:poo@estacionamento, mode:FULL, rate:0
2025-12-09 16:42:39, EXEC, v:1, k:poo@estacionamento, mode:FULL, rate:0
2025-12-09 16:42:39, EXEC, v:1, k:poo@estacionamento, mode:FULL, rate:0
2025-12-09 16:42:39, MOVE, v:1, k:poo@estacionamento, mode:BACK
2025-12-09 17:28:36, MOVE, v:1, k:poo@pagamento, mode:PICK
2025-12-09 17:28:37, EXEC, v:1, k:poo@pagamento, mode:LOCK, rate:0, size:79
2025-12-09 17:38:43, EXEC, v:1, k:poo@pagamento, mode:LOCK, rate:0, size:79
2025-12-09 17:38:58, EXEC, v:1, k:poo@pagamento, mode:LOCK, rate:0, size:79
2025-12-09 17:45:45, EXEC, v:1, k:poo@pagamento, mode:LOCK, rate:0, size:80
2025-12-09 17:45:45, EXEC, v:1, k:poo@pagamento, mode:LOCK, rate:0, size:80
2025-12-09 17:46:22, EXEC, v:1, k:poo@pagamento, mode:LOCK, rate:0, size:80
2025-12-09 17:46:22, EXEC, v:1, k:poo@pagamento, mode:LOCK, rate:0
2025-12-09 17:46:23, EXEC, v:1, k:poo@pagamento, mode:LOCK, rate:0
2025-12-09 17:46:24, EXEC, v:1, k:poo@pagamento, mode:LOCK, rate:0
