2025-12-13 12:02:13, MOVE, v:1, k:poo@pagamento, mode:PICK
2025-12-13 12:02:14, EXEC, v:1, k:poo@pagamento, mode:LOCK, rate:0, size:84
2025-12-13 12:23:20, MOVE, v:1, k:poo@pagamento, mode:BACK
2025-12-13 12:23:42, MOVE, v:1, k:poo@pagamento, mode:PICK
2025-12-13 12:23:45, EXEC, v:1, k:poo@pagamento, mode:LOCK, rate:0
2025-12-13 12:24:54, EXEC, v:1, k:poo@pagamento, mode:LOCK, rate:0, size:84
2025-12-13 12:38:39, EXEC, v:1, k:poo@pagamento, mode:LOCK, rate:0, size:92
2025-12-13 12:42:49, MOVE, v:1, k:poo@pagamento, mode:BACK
2025-12-13 12:42:52, MOVE, v:1, k:poo@shapes, mode:PICK
2025-12-13 12:42:55, EXEC, v:1, k:poo@shapes, mode:FULL, rate:0
2025-12-13 12:56:01, MOVE, v:1, k:poo@shapes, mode:BACK
2025-12-13 12:58:17, MOVE, v:1, k:poo@zoo, mode:PICK
2025-12-13 12:58:19, EXEC, v:1, k:poo@zoo, mode:LOCK, rate:0, size:65
2025-12-13 12:59:29, EXEC, v:1, k:poo@zoo, mode:LOCK, rate:0, size:66
2025-12-13 13:02:43, EXEC, v:1, k:poo@zoo, mode:LOCK, rate:0, size:64
2025-12-13 13:02:46, EXEC, v:1, k:poo@zoo, mode:LOCK, rate:0
2025-12-13 13:03:00, EXEC, v:1, k:poo@zoo, mode:LOCK, rate:0, size:64
2025-12-13 13:03:08, EXEC, v:1, k:poo@zoo, mode:LOCK, rate:0
2025-12-13 13:03:21, EXEC, v:1, k:poo@zoo, mode:LOCK, rate:0, size:64
2025-12-13 13:03:23, EXEC, v:1, k:poo@zoo, mode:LOCK, rate:0
2025-12-13 13:03:24, EXEC, v:1, k:poo@zoo, mode:LOCK, rate:0
2025-12-13 13:11:01, EXEC, v:1, k:poo@zoo, mode:LOCK, rate:0
2025-12-13 13:11:01, EXEC, v:1, k:poo@zoo, mode:LOCK, rate:0
2025-12-13 13:13:25, EXEC, v:1, k:poo@zoo, mode:LOCK, rate:0, size:63
2025-12-13 13:13:26, EXEC, v:1, k:poo@zoo, mode:LOCK, rate:0
2025-12-13 13:14:09, EXEC, v:1, k:poo@zoo, mode:LOCK, rate:0, size:63
2025-12-13 13:20:20, EXEC, v:1, k:poo@zoo, mode:LOCK, rate:0, size:63
2025-12-13 13:23:38, EXEC, v:1, k:poo@zoo, mode:LOCK, rate:0, size:64
2025-12-13 13:26:41, EXEC, v:1, k:poo@zoo, mode:LOCK, rate:0, size:64
2025-12-13 13:26:57, EXEC, v:1, k:poo@zoo, mode:LOCK, rate:0, size:64
2025-12-13 13:27:41, EXEC, v:1, k:poo@zoo, mode:LOCK, rate:0
2025-12-13 13:27:42, EXEC, v:1, k:poo@zoo, mode:LOCK, rate:0
2025-12-13 13:27:42, EXEC, v:1, k:poo@zoo, mode:LOCK, rate:0
2025-12-13 13:27:42, EXEC, v:1, k:poo@zoo, mode:LOCK, rate:0
2025-12-13 13:27:43, EXEC, v:1, k:poo@zoo, mode:LOCK, rate:0
2025-12-13 13:34:17, EXEC, v:1, k:poo@zoo, mode:LOCK, rate:0, size:64
2025-12-13 13:36:01, EXEC, v:1, k:poo@zoo, mode:LOCK, rate:0, size:64
2025-12-13 13:36:36, EXEC, v:1, k:poo@zoo, mode:LOCK, rate:0, size:64
2025-12-13 13:36:47, EXEC, v:1, k:poo@zoo, mode:LOCK, rate:0
2025-12-13 13:36:47, EXEC, v:1, k:poo@zoo, mode:LOCK, rate:0
2025-12-13 13:37:02, EXEC, v:1, k:poo@zoo, mode:LOCK, rate:0
2025-12-13 13:37:03, EXEC, v:1, k:poo@zoo, mode:LOCK, rate:0
2025-12-13 13:37:05, MOVE, v:1, k:poo@zoo, mode:BACK
2025-12-13 13:37:48, MOVE, v:1, k:poo@pagamento, mode:PICK
2025-12-13 13:37:50, EXEC, v:1, k:poo@pagamento, mode:LOCK, rate:0
2025-12-13 13:37:53, MOVE, v:1, k:poo@pagamento, mode:BACK
